2008/09/10 23:21:27 - Spider.pm Spider INFO - Iniciando processo de captura para guiamais
2008/09/10 23:21:27 - Spider.pm Spider INFO - Iniciando requisição a url http://www.guiamais.com.br/
2008/09/10 23:21:33 - Spider.pm Spider INFO - Requisição realizada com sucesso
2008/09/10 23:21:33 - Spider.pm Spider INFO - 28 categorias localizados
2008/09/10 23:21:33 - Spider.pm Spider INFO - Iniciando requisição a url http://www.guiamais.com.br/1/Agronegocios-Agricultura-e-Pecuaria/34991/10/index.aspx
2008/09/10 23:21:46 - Spider.pm Spider INFO - Requisição realizada com sucesso
2008/09/10 23:23:14 - Spider.pm Spider INFO - Iniciando processo de captura para guiamais
2008/09/10 23:23:14 - Spider.pm Spider INFO - Iniciando requisição a url http://www.guiamais.com.br/
2008/09/10 23:23:26 - Spider.pm Spider INFO - Requisição realizada com sucesso
2008/09/10 23:23:26 - Spider.pm Spider INFO - 28 categorias localizados
2008/09/10 23:23:26 - Spider.pm Spider INFO - Iniciando requisição a url http://www.guiamais.com.br/1/Agronegocios-Agricultura-e-Pecuaria/34991/10/index.aspx
2008/09/10 23:23:34 - Spider.pm Spider INFO - Requisição realizada com sucesso
2008/09/10 23:26:59 - Spider.pm Spider INFO - Iniciando processo de captura para guiamais
2008/09/10 23:26:59 - Spider.pm Spider INFO - Iniciando requisição a url http://www.guiamais.com.br/
2008/09/10 23:28:04 - Spider.pm Spider INFO - Requisição realizada com sucesso
2008/09/10 23:28:05 - Spider.pm Spider INFO - 28 categorias localizados
2008/09/10 23:28:05 - Spider.pm Spider INFO - Iniciando requisição a url http://www.guiamais.com.br/1/Agronegocios-Agricultura-e-Pecuaria/34991/10/index.aspx
2008/09/10 23:31:05 - Spider.pm Spider DEBUG - Tentativa 5, falha: 500 read timeout
2008/09/10 23:31:46 - Spider.pm Spider DEBUG - Tentativa 4, falha: 500 Internal Server Error
2008/09/10 23:34:10 - Spider.pm Spider INFO - Requisição realizada com sucesso
